<?xml version="1.0" encoding="UTF-8"?>
<!-- Generated by org.testng.reporters.JUnitReportReporter -->
<testsuite hostname="DESKTOP-R4U4K06" failures="0" tests="1" name="PackageLearnMaven.ProjectMavenDemo.BaseTest" time="9.951" errors="0" timestamp="2020-01-29T14:54:19 IST" skipped="0">
  <testcase classname="PackageLearnMaven.ProjectMavenDemo.BaseTest" name="browserlaunch" time="9.951"/>
</testsuite> <!-- PackageLearnMaven.ProjectMavenDemo.BaseTest -->
